# JRE version: Java(TM) SE Runtime Environment (8.0_181-b13) (build 1.8.0_181-b13)
# Java VM: Java HotSpot(TM) 64-Bit Server VM (25.181-b13 mixed mode windows-amd64 compressed oops)
Heap:
 PSYoungGen      total 272896K, used 219655K [0x00000000d5d80000, 0x00000000f1d00000, 0x0000000100000000)
  eden space 259584K, 84% used [0x00000000d5d80000,0x00000000e3401cf0,0x00000000e5b00000)
  from space 13312K, 0% used [0x00000000e5b00000,0x00000000e5b00000,0x00000000e6800000)
  to   space 23040K, 0% used [0x00000000f0680000,0x00000000f0680000,0x00000000f1d00000)
 ParOldGen       total 43520K, used 36823K [0x0000000081800000, 0x0000000084280000, 0x00000000d5d80000)
  object space 43520K, 84% used [0x0000000081800000,0x0000000083bf5f38,0x0000000084280000)
 Metaspace       used 27503K, capacity 28680K, committed 28928K, reserved 1075200K
  class space    used 3762K, capacity 4026K, committed 4096K, reserved 1048576K
GC Heap History (10 events):
Event: 15.639 GC heap before
{Heap before GC invocations=7 (full 1):
 PSYoungGen      total 142336K, used 5781K [0x00000000d5d80000, 0x00000000df180000, 0x0000000100000000)
  eden space 133120K, 0% used [0x00000000d5d80000,0x00000000d5d80000,0x00000000ddf80000)
  from space 9216K, 62% used [0x00000000de880000,0x00000000dee25540,0x00000000df180000)
  to   space 9216K, 0% used [0x00000000ddf80000,0x00000000ddf80000,0x00000000de880000)
 ParOldGen       total 87552K, used 6142K [0x0000000081800000, 0x0000000086d80000, 0x00000000d5d80000)
  object space 87552K, 7% used [0x0000000081800000,0x0000000081dffab8,0x0000000086d80000)
 Metaspace       used 20585K, capacity 21226K, committed 21296K, reserved 1067008K
  class space    used 2745K, capacity 2932K, committed 2944K, reserved 1048576K
Event: 15.674 GC heap after
Heap after GC invocations=7 (full 1):
 PSYoungGen      total 142336K, used 0K [0x00000000d5d80000, 0x00000000df180000, 0x0000000100000000)
  eden space 133120K, 0% used [0x00000000d5d80000,0x00000000d5d80000,0x00000000ddf80000)
  from space 9216K, 0% used [0x00000000de880000,0x00000000de880000,0x00000000df180000)
  to   space 9216K, 0% used [0x00000000ddf80000,0x00000000ddf80000,0x00000000de880000)
 ParOldGen       total 43520K, used 5643K [0x0000000081800000, 0x0000000084280000, 0x00000000d5d80000)
  object space 43520K, 12% used [0x0000000081800000,0x0000000081d82e60,0x0000000084280000)
 Metaspace       used 20584K, capacity 21220K, committed 21296K, reserved 1067008K
  class space    used 2745K, capacity 2931K, committed 2944K, reserved 1048576K
}
Event: 16.620 GC heap before
{Heap before GC invocations=8 (full 1):
 PSYoungGen      total 142336K, used 133120K [0x00000000d5d80000, 0x00000000df180000, 0x0000000100000000)
  eden space 133120K, 100% used [0x00000000d5d80000,0x00000000ddf80000,0x00000000ddf80000)
  from space 9216K, 0% used [0x00000000de880000,0x00000000de880000,0x00000000df180000)
  to   space 9216K, 0% used [0x00000000ddf80000,0x00000000ddf80000,0x00000000de880000)
 ParOldGen       total 43520K, used 5643K [0x0000000081800000, 0x0000000084280000, 0x00000000d5d80000)
  object space 43520K, 12% used [0x0000000081800000,0x0000000081d82e60,0x0000000084280000)
 Metaspace       used 21522K, capacity 22184K, committed 22272K, reserved 1069056K
  class space    used 2853K, capacity 3049K, committed 3072K, reserved 1048576K
Event: 16.630 GC heap after
Heap after GC invocations=8 (full 1):
 PSYoungGen      total 142336K, used 6671K [0x00000000d5d80000, 0x00000000e7080000, 0x0000000100000000)
  eden space 133120K, 0% used [0x00000000d5d80000,0x00000000d5d80000,0x00000000ddf80000)
  from space 9216K, 72% used [0x00000000ddf80000,0x00000000de603dc0,0x00000000de880000)
  to   space 8704K, 0% used [0x00000000e6800000,0x00000000e6800000,0x00000000e7080000)
 ParOldGen       total 43520K, used 5643K [0x0000000081800000, 0x0000000084280000, 0x00000000d5d80000)
  object space 43520K, 12% used [0x0000000081800000,0x0000000081d82e60,0x0000000084280000)
 Metaspace       used 21522K, capacity 22184K, committed 22272K, reserved 1069056K
  class space    used 2853K, capacity 3049K, committed 3072K, reserved 1048576K
}
Event: 17.786 GC heap before
{Heap before GC invocations=9 (full 1):
 PSYoungGen      total 142336K, used 139791K [0x00000000d5d80000, 0x00000000e7080000, 0x0000000100000000)
  eden space 133120K, 100% used [0x00000000d5d80000,0x00000000ddf80000,0x00000000ddf80000)
  from space 9216K, 72% used [0x00000000ddf80000,0x00000000de603dc0,0x00000000de880000)
  to   space 8704K, 0% used [0x00000000e6800000,0x00000000e6800000,0x00000000e7080000)
 ParOldGen       total 43520K, used 5643K [0x0000000081800000, 0x0000000084280000, 0x00000000d5d80000)
  object space 43520K, 12% used [0x0000000081800000,0x0000000081d82e60,0x0000000084280000)
 Metaspace       used 21725K, capacity 22480K, committed 22656K, reserved 1069056K
  class space    used 2894K, capacity 3093K, committed 3200K, reserved 1048576K
Event: 17.806 GC heap after
Heap after GC invocations=9 (full 1):
 PSYoungGen      total 268288K, used 8699K [0x00000000d5d80000, 0x00000000e7900000, 0x0000000100000000)
  eden space 259584K, 0% used [0x00000000d5d80000,0x00000000d5d80000,0x00000000e5b00000)
  from space 8704K, 99% used [0x00000000e6800000,0x00000000e707ec90,0x00000000e7080000)
  to   space 13312K, 0% used [0x00000000e5b00000,0x00000000e5b00000,0x00000000e6800000)
 ParOldGen       total 43520K, used 14375K [0x0000000081800000, 0x0000000084280000, 0x00000000d5d80000)
  object space 43520K, 33% used [0x0000000081800000,0x0000000082609f90,0x0000000084280000)
 Metaspace       used 21725K, capacity 22480K, committed 22656K, reserved 1069056K
  class space    used 2894K, capacity 3093K, committed 3200K, reserved 1048576K
}
Event: 20.569 GC heap before
{Heap before GC invocations=10 (full 1):
 PSYoungGen      total 268288K, used 268283K [0x00000000d5d80000, 0x00000000e7900000, 0x0000000100000000)
  eden space 259584K, 100% used [0x00000000d5d80000,0x00000000e5b00000,0x00000000e5b00000)
  from space 8704K, 99% used [0x00000000e6800000,0x00000000e707ec90,0x00000000e7080000)
  to   space 13312K, 0% used [0x00000000e5b00000,0x00000000e5b00000,0x00000000e6800000)
 ParOldGen       total 43520K, used 14375K [0x0000000081800000, 0x0000000084280000, 0x00000000d5d80000)
  object space 43520K, 33% used [0x0000000081800000,0x0000000082609f90,0x0000000084280000)
 Metaspace       used 21798K, capacity 22544K, committed 22656K, reserved 1069056K
  class space    used 2909K, capacity 3093K, committed 3200K, reserved 1048576K
Event: 20.604 GC heap after
Heap after GC invocations=10 (full 1):
 PSYoungGen      total 272896K, used 13302K [0x00000000d5d80000, 0x00000000f1d00000, 0x0000000100000000)
  eden space 259584K, 0% used [0x00000000d5d80000,0x00000000d5d80000,0x00000000e5b00000)
  from space 13312K, 99% used [0x00000000e5b00000,0x00000000e67fd898,0x00000000e6800000)
  to   space 23040K, 0% used [0x00000000f0680000,0x00000000f0680000,0x00000000f1d00000)
 ParOldGen       total 43520K, used 33454K [0x0000000081800000, 0x0000000084280000, 0x00000000d5d80000)
  object space 43520K, 76% used [0x0000000081800000,0x00000000838ab8a0,0x0000000084280000)
 Metaspace       used 21798K, capacity 22544K, committed 22656K, reserved 1069056K
  class space    used 2909K, capacity 3093K, committed 3200K, reserved 1048576K
}
Event: 20.604 GC heap before
{Heap before GC invocations=11 (full 2):
 PSYoungGen      total 272896K, used 13302K [0x00000000d5d80000, 0x00000000f1d00000, 0x0000000100000000)
  eden space 259584K, 0% used [0x00000000d5d80000,0x00000000d5d80000,0x00000000e5b00000)
  from space 13312K, 99% used [0x00000000e5b00000,0x00000000e67fd898,0x00000000e6800000)
  to   space 23040K, 0% used [0x00000000f0680000,0x00000000f0680000,0x00000000f1d00000)
 ParOldGen       total 43520K, used 33454K [0x0000000081800000, 0x0000000084280000, 0x00000000d5d80000)
  object space 43520K, 76% used [0x0000000081800000,0x00000000838ab8a0,0x0000000084280000)
 Metaspace       used 21798K, capacity 22544K, committed 22656K, reserved 1069056K
  class space    used 2909K, capacity 3093K, committed 3200K, reserved 1048576K
Event: 20.683 GC heap after
Heap after GC invocations=11 (full 2):
 PSYoungGen      total 272896K, used 0K [0x00000000d5d80000, 0x00000000f1d00000, 0x0000000100000000)
  eden space 259584K, 0% used [0x00000000d5d80000,0x00000000d5d80000,0x00000000e5b00000)
  from space 13312K, 0% used [0x00000000e5b00000,0x00000000e5b00000,0x00000000e6800000)
  to   space 23040K, 0% used [0x00000000f0680000,0x00000000f0680000,0x00000000f1d00000)
 ParOldGen       total 43520K, used 36823K [0x0000000081800000, 0x0000000084280000, 0x00000000d5d80000)
  object space 43520K, 84% used [0x0000000081800000,0x0000000083bf5f38,0x0000000084280000)
 Metaspace       used 21798K, capacity 22544K, committed 22656K, reserved 1069056K
  class space    used 2909K, capacity 3093K, committed 3200K, reserved 1048576K
}

